2016-10-13 17:43:23,457 INFO  com.zhang.springboot.Application.logStarting:47 - Starting Application on DESKTOP-SF4B2KD with PID 5696 (D:\IdeaProjects\MySpringBoot-01\target\classes started by admin in D:\IdeaProjects\MySpringBoot-01)
2016-10-13 17:43:23,613 INFO  org.springframework.boot.context.embedded.AnnotationConfigEmbeddedWebApplicationContext.prepareRefresh:510 - Refreshing org.springframework.boot.context.embedded.AnnotationConfigEmbeddedWebApplicationContext@6b7fb146: startup date [Thu Oct 13 17:43:23 CST 2016]; root of context hierarchy
2016-10-13 17:43:25,900 INFO  org.springframework.beans.factory.support.DefaultListableBeanFactory.registerBeanDefinition:822 - Overriding bean definition for bean 'beanNameViewResolver': replacing [Root bean: class [null]; scope=; abstract=false; lazyInit=false; autowireMode=3; dependencyCheck=0; autowireCandidate=true; primary=false; factoryBeanName=org.springframework.boot.autoconfigure.web.ErrorMvcAutoConfiguration$WhitelabelErrorViewConfiguration; factoryMethodName=beanNameViewResolver; initMethodName=null; destroyMethodName=(inferred); defined in class path resource [org/springframework/boot/autoconfigure/web/ErrorMvcAutoConfiguration$WhitelabelErrorViewConfiguration.class]] with [Root bean: class [null]; scope=; abstract=false; lazyInit=false; autowireMode=3; dependencyCheck=0; autowireCandidate=true; primary=false; factoryBeanName=org.springframework.boot.autoconfigure.web.WebMvcAutoConfiguration$WebMvcAutoConfigurationAdapter; factoryMethodName=beanNameViewResolver; initMethodName=null; destroyMethodName=(inferred); defined in class path resource [org/springframework/boot/autoconfigure/web/WebMvcAutoConfiguration$WebMvcAutoConfigurationAdapter.class]]
2016-10-13 17:43:26,182 WARN  org.mybatis.spring.mapper.ClassPathMapperScanner.doScan:158 - No MyBatis mapper was found in '[com.zhang.springboot.model]' package. Please check your configuration.
2016-10-13 17:43:26,651 INFO  org.hibernate.validator.internal.util.Version.<clinit>:27 - HV000001: Hibernate Validator 5.1.3.Final
2016-10-13 17:43:26,853 INFO  org.springframework.context.support.PostProcessorRegistrationDelegate$BeanPostProcessorChecker.postProcessAfterInitialization:309 - Bean 'myBatisConfig' of type [class com.zhang.springboot.config.MyBatisConfig$$EnhancerBySpringCGLIB$$a8a987d9] is not eligible for getting processed by all BeanPostProcessors (for example: not eligible for auto-proxying)
2016-10-13 17:43:26,911 INFO  com.zhang.springboot.config.MyBatisConfig.druidDataSource:67 - 注入druid！！！
2016-10-13 17:43:27,692 INFO  org.springframework.context.support.PostProcessorRegistrationDelegate$BeanPostProcessorChecker.postProcessAfterInitialization:309 - Bean 'druidDataSource' of type [class com.alibaba.druid.pool.DruidDataSource] is not eligible for getting processed by all BeanPostProcessors (for example: not eligible for auto-proxying)
2016-10-13 17:43:28,207 INFO  org.springframework.context.support.PostProcessorRegistrationDelegate$BeanPostProcessorChecker.postProcessAfterInitialization:309 - Bean 'sqlSessionFactory' of type [class org.apache.ibatis.session.defaults.DefaultSqlSessionFactory] is not eligible for getting processed by all BeanPostProcessors (for example: not eligible for auto-proxying)
2016-10-13 17:43:28,239 INFO  org.springframework.context.support.PostProcessorRegistrationDelegate$BeanPostProcessorChecker.postProcessAfterInitialization:309 - Bean 'sqlSessionTemplate' of type [class org.mybatis.spring.SqlSessionTemplate] is not eligible for getting processed by all BeanPostProcessors (for example: not eligible for auto-proxying)
2016-10-13 17:43:28,241 INFO  org.springframework.context.support.PostProcessorRegistrationDelegate$BeanPostProcessorChecker.postProcessAfterInitialization:309 - Bean 'userDAO' of type [class org.mybatis.spring.mapper.MapperFactoryBean] is not eligible for getting processed by all BeanPostProcessors (for example: not eligible for auto-proxying)
2016-10-13 17:43:28,284 INFO  org.springframework.context.support.PostProcessorRegistrationDelegate$BeanPostProcessorChecker.postProcessAfterInitialization:309 - Bean 'org.springframework.jms.annotation.JmsBootstrapConfiguration' of type [class org.springframework.jms.annotation.JmsBootstrapConfiguration$$EnhancerBySpringCGLIB$$4b8a4f4e] is not eligible for getting processed by all BeanPostProcessors (for example: not eligible for auto-proxying)
2016-10-13 17:43:28,333 INFO  org.springframework.context.support.PostProcessorRegistrationDelegate$BeanPostProcessorChecker.postProcessAfterInitialization:309 - Bean 'annotationDrivenTransactionManager' of type [class org.springframework.jdbc.datasource.DataSourceTransactionManager] is not eligible for getting processed by all BeanPostProcessors (for example: not eligible for auto-proxying)
2016-10-13 17:43:28,336 INFO  org.springframework.context.support.PostProcessorRegistrationDelegate$BeanPostProcessorChecker.postProcessAfterInitialization:309 - Bean 'org.springframework.transaction.annotation.ProxyTransactionManagementConfiguration' of type [class org.springframework.transaction.annotation.ProxyTransactionManagementConfiguration$$EnhancerBySpringCGLIB$$9d0f01ab] is not eligible for getting processed by all BeanPostProcessors (for example: not eligible for auto-proxying)
2016-10-13 17:43:28,369 INFO  org.springframework.context.support.PostProcessorRegistrationDelegate$BeanPostProcessorChecker.postProcessAfterInitialization:309 - Bean 'transactionAttributeSource' of type [class org.springframework.transaction.annotation.AnnotationTransactionAttributeSource] is not eligible for getting processed by all BeanPostProcessors (for example: not eligible for auto-proxying)
2016-10-13 17:43:28,381 INFO  org.springframework.context.support.PostProcessorRegistrationDelegate$BeanPostProcessorChecker.postProcessAfterInitialization:309 - Bean 'transactionInterceptor' of type [class org.springframework.transaction.interceptor.TransactionInterceptor] is not eligible for getting processed by all BeanPostProcessors (for example: not eligible for auto-proxying)
2016-10-13 17:43:28,388 INFO  org.springframework.context.support.PostProcessorRegistrationDelegate$BeanPostProcessorChecker.postProcessAfterInitialization:309 - Bean 'org.springframework.transaction.config.internalTransactionAdvisor' of type [class org.springframework.transaction.interceptor.BeanFactoryTransactionAttributeSourceAdvisor] is not eligible for getting processed by all BeanPostProcessors (for example: not eligible for auto-proxying)
2016-10-13 17:43:29,285 INFO  org.springframework.boot.context.embedded.tomcat.TomcatEmbeddedServletContainer.initialize:79 - Tomcat initialized with port(s): 8090 (http)
2016-10-13 17:43:29,593 INFO  org.apache.catalina.core.StandardService.log:180 - Starting service Tomcat
2016-10-13 17:43:29,595 INFO  org.apache.catalina.core.StandardEngine.log:180 - Starting Servlet Engine: Apache Tomcat/8.0.23
2016-10-13 17:43:29,822 INFO  org.apache.catalina.core.ContainerBase.[Tomcat].[localhost].[/springboot01].log:180 - Initializing Spring embedded WebApplicationContext
2016-10-13 17:43:29,822 INFO  org.springframework.web.context.ContextLoader.prepareEmbeddedWebApplicationContext:268 - Root WebApplicationContext: initialization completed in 6212 ms
2016-10-13 17:43:31,510 INFO  org.springframework.boot.context.embedded.ServletRegistrationBean.onStartup:188 - Mapping servlet: 'dispatcherServlet' to [/]
2016-10-13 17:43:31,515 INFO  org.springframework.boot.context.embedded.FilterRegistrationBean.configure:286 - Mapping filter: 'characterEncodingFilter' to: [/*]
2016-10-13 17:43:31,516 INFO  org.springframework.boot.context.embedded.FilterRegistrationBean.configure:286 - Mapping filter: 'hiddenHttpMethodFilter' to: [/*]
2016-10-13 17:43:31,620 WARN  org.springframework.boot.context.embedded.AnnotationConfigEmbeddedWebApplicationContext.refresh:487 - Exception encountered during context initialization - cancelling refresh attempt
org.springframework.beans.factory.BeanCreationException: Error creating bean with name 'smsNoticQueueConsumer': Injection of resource dependencies failed; nested exception is org.springframework.beans.factory.BeanCreationException: Error creating bean with name 'smsNoticQueuePublisher': Injection of resource dependencies failed; nested exception is org.springframework.beans.factory.BeanCreationException: Error creating bean with name 'org.springframework.boot.autoconfigure.jms.JmsAutoConfiguration': Injection of autowired dependencies failed; nested exception is org.springframework.beans.factory.BeanCreationException: Could not autowire field: private javax.jms.ConnectionFactory org.springframework.boot.autoconfigure.jms.JmsAutoConfiguration.connectionFactory; nested exception is org.springframework.beans.factory.BeanCreationException: Error creating bean with name 'jmsConnectionFactory' defined in class path resource [org/springframework/boot/autoconfigure/jms/activemq/ActiveMQConnectionFactoryConfiguration.class]: Bean instantiation via factory method failed; nested exception is org.springframework.beans.BeanInstantiationException: Failed to instantiate [javax.jms.ConnectionFactory]: Factory method 'jmsConnectionFactory' threw exception; nested exception is java.lang.IllegalStateException: Unable to create ActiveMQConnectionFactory
	at org.springframework.context.annotation.CommonAnnotationBeanPostProcessor.postProcessPropertyValues(CommonAnnotationBeanPostProcessor.java:308)
	at org.springframework.beans.factory.support.AbstractAutowireCapableBeanFactory.populateBean(AbstractAutowireCapableBeanFactory.java:1210)
	at org.springframework.beans.factory.support.AbstractAutowireCapableBeanFactory.doCreateBean(AbstractAutowireCapableBeanFactory.java:537)
	at org.springframework.beans.factory.support.AbstractAutowireCapableBeanFactory.createBean(AbstractAutowireCapableBeanFactory.java:476)
	at org.springframework.beans.factory.support.AbstractBeanFactory$1.getObject(AbstractBeanFactory.java:303)
	at org.springframework.beans.factory.support.DefaultSingletonBeanRegistry.getSingleton(DefaultSingletonBeanRegistry.java:230)
	at org.springframework.beans.factory.support.AbstractBeanFactory.doGetBean(AbstractBeanFactory.java:299)
	at org.springframework.beans.factory.support.AbstractBeanFactory.getBean(AbstractBeanFactory.java:194)
	at org.springframework.beans.factory.support.DefaultListableBeanFactory.preInstantiateSingletons(DefaultListableBeanFactory.java:755)
	at org.springframework.context.support.AbstractApplicationContext.finishBeanFactoryInitialization(AbstractApplicationContext.java:757)
	at org.springframework.context.support.AbstractApplicationContext.refresh(AbstractApplicationContext.java:480)
	at org.springframework.boot.context.embedded.EmbeddedWebApplicationContext.refresh(EmbeddedWebApplicationContext.java:118)
	at org.springframework.boot.SpringApplication.refresh(SpringApplication.java:686)
	at org.springframework.boot.SpringApplication.run(SpringApplication.java:320)
	at org.springframework.boot.SpringApplication.run(SpringApplication.java:957)
	at org.springframework.boot.SpringApplication.run(SpringApplication.java:946)
	at com.zhang.springboot.Application.main(Application.java:27)
Caused by: org.springframework.beans.factory.BeanCreationException: Error creating bean with name 'smsNoticQueuePublisher': Injection of resource dependencies failed; nested exception is org.springframework.beans.factory.BeanCreationException: Error creating bean with name 'org.springframework.boot.autoconfigure.jms.JmsAutoConfiguration': Injection of autowired dependencies failed; nested exception is org.springframework.beans.factory.BeanCreationException: Could not autowire field: private javax.jms.ConnectionFactory org.springframework.boot.autoconfigure.jms.JmsAutoConfiguration.connectionFactory; nested exception is org.springframework.beans.factory.BeanCreationException: Error creating bean with name 'jmsConnectionFactory' defined in class path resource [org/springframework/boot/autoconfigure/jms/activemq/ActiveMQConnectionFactoryConfiguration.class]: Bean instantiation via factory method failed; nested exception is org.springframework.beans.BeanInstantiationException: Failed to instantiate [javax.jms.ConnectionFactory]: Factory method 'jmsConnectionFactory' threw exception; nested exception is java.lang.IllegalStateException: Unable to create ActiveMQConnectionFactory
	at org.springframework.context.annotation.CommonAnnotationBeanPostProcessor.postProcessPropertyValues(CommonAnnotationBeanPostProcessor.java:308)
	at org.springframework.beans.factory.support.AbstractAutowireCapableBeanFactory.populateBean(AbstractAutowireCapableBeanFactory.java:1210)
	at org.springframework.beans.factory.support.AbstractAutowireCapableBeanFactory.doCreateBean(AbstractAutowireCapableBeanFactory.java:537)
	at org.springframework.beans.factory.support.AbstractAutowireCapableBeanFactory.createBean(AbstractAutowireCapableBeanFactory.java:476)
	at org.springframework.beans.factory.support.AbstractBeanFactory$1.getObject(AbstractBeanFactory.java:303)
	at org.springframework.beans.factory.support.DefaultSingletonBeanRegistry.getSingleton(DefaultSingletonBeanRegistry.java:230)
	at org.springframework.beans.factory.support.AbstractBeanFactory.doGetBean(AbstractBeanFactory.java:299)
	at org.springframework.beans.factory.support.AbstractBeanFactory.getBean(AbstractBeanFactory.java:199)
	at org.springframework.context.annotation.CommonAnnotationBeanPostProcessor.autowireResource(CommonAnnotationBeanPostProcessor.java:461)
	at org.springframework.context.annotation.CommonAnnotationBeanPostProcessor.getResource(CommonAnnotationBeanPostProcessor.java:435)
	at org.springframework.context.annotation.CommonAnnotationBeanPostProcessor$ResourceElement.getResourceToInject(CommonAnnotationBeanPostProcessor.java:559)
	at org.springframework.beans.factory.annotation.InjectionMetadata$InjectedElement.inject(InjectionMetadata.java:169)
	at org.springframework.beans.factory.annotation.InjectionMetadata.inject(InjectionMetadata.java:88)
	at org.springframework.context.annotation.CommonAnnotationBeanPostProcessor.postProcessPropertyValues(CommonAnnotationBeanPostProcessor.java:305)
	... 16 more
Caused by: org.springframework.beans.factory.BeanCreationException: Error creating bean with name 'org.springframework.boot.autoconfigure.jms.JmsAutoConfiguration': Injection of autowired dependencies failed; nested exception is org.springframework.beans.factory.BeanCreationException: Could not autowire field: private javax.jms.ConnectionFactory org.springframework.boot.autoconfigure.jms.JmsAutoConfiguration.connectionFactory; nested exception is org.springframework.beans.factory.BeanCreationException: Error creating bean with name 'jmsConnectionFactory' defined in class path resource [org/springframework/boot/autoconfigure/jms/activemq/ActiveMQConnectionFactoryConfiguration.class]: Bean instantiation via factory method failed; nested exception is org.springframework.beans.BeanInstantiationException: Failed to instantiate [javax.jms.ConnectionFactory]: Factory method 'jmsConnectionFactory' threw exception; nested exception is java.lang.IllegalStateException: Unable to create ActiveMQConnectionFactory
	at org.springframework.beans.factory.annotation.AutowiredAnnotationBeanPostProcessor.postProcessPropertyValues(AutowiredAnnotationBeanPostProcessor.java:334)
	at org.springframework.beans.factory.support.AbstractAutowireCapableBeanFactory.populateBean(AbstractAutowireCapableBeanFactory.java:1210)
	at org.springframework.beans.factory.support.AbstractAutowireCapableBeanFactory.doCreateBean(AbstractAutowireCapableBeanFactory.java:537)
	at org.springframework.beans.factory.support.AbstractAutowireCapableBeanFactory.createBean(AbstractAutowireCapableBeanFactory.java:476)
	at org.springframework.beans.factory.support.AbstractBeanFactory$1.getObject(AbstractBeanFactory.java:303)
	at org.springframework.beans.factory.support.DefaultSingletonBeanRegistry.getSingleton(DefaultSingletonBeanRegistry.java:230)
	at org.springframework.beans.factory.support.AbstractBeanFactory.doGetBean(AbstractBeanFactory.java:299)
	at org.springframework.beans.factory.support.AbstractBeanFactory.getBean(AbstractBeanFactory.java:194)
	at org.springframework.beans.factory.support.ConstructorResolver.instantiateUsingFactoryMethod(ConstructorResolver.java:368)
	at org.springframework.beans.factory.support.AbstractAutowireCapableBeanFactory.instantiateUsingFactoryMethod(AbstractAutowireCapableBeanFactory.java:1119)
	at org.springframework.beans.factory.support.AbstractAutowireCapableBeanFactory.createBeanInstance(AbstractAutowireCapableBeanFactory.java:1014)
	at org.springframework.beans.factory.support.AbstractAutowireCapableBeanFactory.doCreateBean(AbstractAutowireCapableBeanFactory.java:504)
	at org.springframework.beans.factory.support.AbstractAutowireCapableBeanFactory.createBean(AbstractAutowireCapableBeanFactory.java:476)
	at org.springframework.beans.factory.support.AbstractBeanFactory$1.getObject(AbstractBeanFactory.java:303)
	at org.springframework.beans.factory.support.DefaultSingletonBeanRegistry.getSingleton(DefaultSingletonBeanRegistry.java:230)
	at org.springframework.beans.factory.support.AbstractBeanFactory.doGetBean(AbstractBeanFactory.java:299)
	at org.springframework.beans.factory.support.AbstractBeanFactory.getBean(AbstractBeanFactory.java:199)
	at org.springframework.context.annotation.CommonAnnotationBeanPostProcessor.autowireResource(CommonAnnotationBeanPostProcessor.java:461)
	at org.springframework.context.annotation.CommonAnnotationBeanPostProcessor.getResource(CommonAnnotationBeanPostProcessor.java:435)
	at org.springframework.context.annotation.CommonAnnotationBeanPostProcessor$ResourceElement.getResourceToInject(CommonAnnotationBeanPostProcessor.java:559)
	at org.springframework.beans.factory.annotation.InjectionMetadata$InjectedElement.inject(InjectionMetadata.java:169)
	at org.springframework.beans.factory.annotation.InjectionMetadata.inject(InjectionMetadata.java:88)
	at org.springframework.context.annotation.CommonAnnotationBeanPostProcessor.postProcessPropertyValues(CommonAnnotationBeanPostProcessor.java:305)
	... 29 more
Caused by: org.springframework.beans.factory.BeanCreationException: Could not autowire field: private javax.jms.ConnectionFactory org.springframework.boot.autoconfigure.jms.JmsAutoConfiguration.connectionFactory; nested exception is org.springframework.beans.factory.BeanCreationException: Error creating bean with name 'jmsConnectionFactory' defined in class path resource [org/springframework/boot/autoconfigure/jms/activemq/ActiveMQConnectionFactoryConfiguration.class]: Bean instantiation via factory method failed; nested exception is org.springframework.beans.BeanInstantiationException: Failed to instantiate [javax.jms.ConnectionFactory]: Factory method 'jmsConnectionFactory' threw exception; nested exception is java.lang.IllegalStateException: Unable to create ActiveMQConnectionFactory
	at org.springframework.beans.factory.annotation.AutowiredAnnotationBeanPostProcessor$AutowiredFieldElement.inject(AutowiredAnnotationBeanPostProcessor.java:561)
	at org.springframework.beans.factory.annotation.InjectionMetadata.inject(InjectionMetadata.java:88)
	at org.springframework.beans.factory.annotation.AutowiredAnnotationBeanPostProcessor.postProcessPropertyValues(AutowiredAnnotationBeanPostProcessor.java:331)
	... 51 more
Caused by: org.springframework.beans.factory.BeanCreationException: Error creating bean with name 'jmsConnectionFactory' defined in class path resource [org/springframework/boot/autoconfigure/jms/activemq/ActiveMQConnectionFactoryConfiguration.class]: Bean instantiation via factory method failed; nested exception is org.springframework.beans.BeanInstantiationException: Failed to instantiate [javax.jms.ConnectionFactory]: Factory method 'jmsConnectionFactory' threw exception; nested exception is java.lang.IllegalStateException: Unable to create ActiveMQConnectionFactory
	at org.springframework.beans.factory.support.ConstructorResolver.instantiateUsingFactoryMethod(ConstructorResolver.java:599)
	at org.springframework.beans.factory.support.AbstractAutowireCapableBeanFactory.instantiateUsingFactoryMethod(AbstractAutowireCapableBeanFactory.java:1119)
	at org.springframework.beans.factory.support.AbstractAutowireCapableBeanFactory.createBeanInstance(AbstractAutowireCapableBeanFactory.java:1014)
	at org.springframework.beans.factory.support.AbstractAutowireCapableBeanFactory.doCreateBean(AbstractAutowireCapableBeanFactory.java:504)
	at org.springframework.beans.factory.support.AbstractAutowireCapableBeanFactory.createBean(AbstractAutowireCapableBeanFactory.java:476)
	at org.springframework.beans.factory.support.AbstractBeanFactory$1.getObject(AbstractBeanFactory.java:303)
	at org.springframework.beans.factory.support.DefaultSingletonBeanRegistry.getSingleton(DefaultSingletonBeanRegistry.java:230)
	at org.springframework.beans.factory.support.AbstractBeanFactory.doGetBean(AbstractBeanFactory.java:299)
	at org.springframework.beans.factory.support.AbstractBeanFactory.getBean(AbstractBeanFactory.java:194)
	at org.springframework.beans.factory.support.DefaultListableBeanFactory.findAutowireCandidates(DefaultListableBeanFactory.java:1120)
	at org.springframework.beans.factory.support.DefaultListableBeanFactory.doResolveDependency(DefaultListableBeanFactory.java:1044)
	at org.springframework.beans.factory.support.DefaultListableBeanFactory.resolveDependency(DefaultListableBeanFactory.java:942)
	at org.springframework.beans.factory.annotation.AutowiredAnnotationBeanPostProcessor$AutowiredFieldElement.inject(AutowiredAnnotationBeanPostProcessor.java:533)
	... 53 more
Caused by: org.springframework.beans.BeanInstantiationException: Failed to instantiate [javax.jms.ConnectionFactory]: Factory method 'jmsConnectionFactory' threw exception; nested exception is java.lang.IllegalStateException: Unable to create ActiveMQConnectionFactory
	at org.springframework.beans.factory.support.SimpleInstantiationStrategy.instantiate(SimpleInstantiationStrategy.java:189)
	at org.springframework.beans.factory.support.ConstructorResolver.instantiateUsingFactoryMethod(ConstructorResolver.java:588)
	... 65 more
Caused by: java.lang.IllegalStateException: Unable to create ActiveMQConnectionFactory
	at org.springframework.boot.autoconfigure.jms.activemq.ActiveMQConnectionFactoryFactory.createConnectionFactory(ActiveMQConnectionFactoryFactory.java:49)
	at org.springframework.boot.autoconfigure.jms.activemq.ActiveMQConnectionFactoryConfiguration.jmsConnectionFactory(ActiveMQConnectionFactoryConfiguration.java:46)
	at org.springframework.boot.autoconfigure.jms.activemq.ActiveMQConnectionFactoryConfiguration$$EnhancerBySpringCGLIB$$ebe02b3e.CGLIB$jmsConnectionFactory$0(<generated>)
	at org.springframework.boot.autoconfigure.jms.activemq.ActiveMQConnectionFactoryConfiguration$$EnhancerBySpringCGLIB$$ebe02b3e$$FastClassBySpringCGLIB$$836d7bf5.invoke(<generated>)
	at org.springframework.cglib.proxy.MethodProxy.invokeSuper(MethodProxy.java:228)
	at org.springframework.context.annotation.ConfigurationClassEnhancer$BeanMethodInterceptor.intercept(ConfigurationClassEnhancer.java:309)
	at org.springframework.boot.autoconfigure.jms.activemq.ActiveMQConnectionFactoryConfiguration$$EnhancerBySpringCGLIB$$ebe02b3e.jmsConnectionFactory(<generated>)
	at sun.reflect.NativeMethodAccessorImpl.invoke0(Native Method)
	at sun.reflect.NativeMethodAccessorImpl.invoke(NativeMethodAccessorImpl.java:57)
	at sun.reflect.DelegatingMethodAccessorImpl.invoke(DelegatingMethodAccessorImpl.java:43)
	at java.lang.reflect.Method.invoke(Method.java:606)
	at org.springsource.loaded.ri.ReflectiveInterceptor.jlrMethodInvoke(ReflectiveInterceptor.java:1270)
	at org.springframework.beans.factory.support.SimpleInstantiationStrategy.instantiate(SimpleInstantiationStrategy.java:162)
	... 66 more
Caused by: java.lang.reflect.InvocationTargetException
	at sun.reflect.NativeConstructorAccessorImpl.newInstance0(Native Method)
	at sun.reflect.NativeConstructorAccessorImpl.newInstance(NativeConstructorAccessorImpl.java:57)
	at sun.reflect.DelegatingConstructorAccessorImpl.newInstance(DelegatingConstructorAccessorImpl.java:45)
	at java.lang.reflect.Constructor.newInstance(Constructor.java:526)
	at org.springsource.loaded.ri.ReflectiveInterceptor.jlrConstructorNewInstance(ReflectiveInterceptor.java:1002)
	at org.springframework.boot.autoconfigure.jms.activemq.ActiveMQConnectionFactoryFactory.doCreateConnectionFactory(ActiveMQConnectionFactoryFactory.java:63)
	at org.springframework.boot.autoconfigure.jms.activemq.ActiveMQConnectionFactoryFactory.createConnectionFactory(ActiveMQConnectionFactoryFactory.java:46)
	... 78 more
Caused by: java.lang.IllegalArgumentException: Invalid broker URI: tcp://localhost:61616 # connection URL
	at org.apache.activemq.ActiveMQConnectionFactory.createURI(ActiveMQConnectionFactory.java:177)
	at org.apache.activemq.ActiveMQConnectionFactory.<init>(ActiveMQConnectionFactory.java:138)
	... 85 more
Caused by: java.net.URISyntaxException: Illegal character in authority at index 6: tcp://localhost:61616 # connection URL
	at java.net.URI$Parser.fail(URI.java:2829)
	at java.net.URI$Parser.parseAuthority(URI.java:3167)
	at java.net.URI$Parser.parseHierarchical(URI.java:3078)
	at java.net.URI$Parser.parse(URI.java:3034)
	at java.net.URI.<init>(URI.java:595)
	at org.apache.activemq.ActiveMQConnectionFactory.createURI(ActiveMQConnectionFactory.java:175)
	... 86 more
2016-10-13 17:43:31,634 WARN  org.springframework.beans.factory.support.DisposableBeanAdapter.invokeCustomDestroyMethod:360 - Invocation of destroy method 'close' failed on bean with name 'sqlSessionTemplate': java.lang.UnsupportedOperationException: Manual close is not allowed over a Spring managed SqlSession
2016-10-13 17:43:31,635 INFO  org.apache.catalina.core.StandardService.log:180 - Stopping service Tomcat
2016-10-13 17:43:31,686 WARN  org.apache.catalina.loader.WebappClassLoaderBase.log:180 - The web application [springboot01] appears to have started a thread named [Abandoned connection cleanup thread] but has failed to stop it. This is very likely to create a memory leak. Stack trace of thread:
 java.lang.Object.wait(Native Method)
 java.lang.ref.ReferenceQueue.remove(ReferenceQueue.java:135)
 com.mysql.jdbc.AbandonedConnectionCleanupThread.run(AbandonedConnectionCleanupThread.java:43)
2016-10-13 17:43:31,692 INFO  org.springframework.boot.logging.ClasspathLoggingApplicationListener.onApplicationEvent:55 - Application failed to start with classpath: [file:/D:/IdeaProjects/MySpringBoot-01/src/main/resources/, file:/D:/IdeaProjects/MySpringBoot-01/src/main/resources/, file:/D:/IdeaProjects/MySpringBoot-01/target/classes/, file:/D:/java/repo/org/apache/activemq/activemq-all/5.9.0/activemq-all-5.9.0.jar, file:/D:/java/repo/org/springframework/spring-beans/4.1.6.RELEASE/spring-beans-4.1.6.RELEASE.jar, file:/D:/java/repo/org/springframework/spring-expression/4.1.6.RELEASE/spring-expression-4.1.6.RELEASE.jar, file:/D:/java/repo/org/slf4j/jcl-over-slf4j/1.7.12/jcl-over-slf4j-1.7.12.jar, file:/D:/java/repo/org/springframework/boot/spring-boot-starter-jdbc/1.2.4.RELEASE/spring-boot-starter-jdbc-1.2.4.RELEASE.jar, file:/D:/java/repo/org/springframework/spring-aop/4.1.6.RELEASE/spring-aop-4.1.6.RELEASE.jar, file:/D:/java/repo/com/alibaba/druid/1.0.18/druid-1.0.18.jar, file:/D:/java/Jdk/jdk1.7.0_79/lib/jconsole.jar, file:/D:/java/repo/org/mybatis/mybatis-spring/1.2.2/mybatis-spring-1.2.2.jar, file:/D:/java/repo/org/apache/tomcat/tomcat-jdbc/8.0.23/tomcat-jdbc-8.0.23.jar, file:/D:/java/repo/org/slf4j/slf4j-api/1.7.12/slf4j-api-1.7.12.jar, file:/D:/java/repo/org/jboss/logging/jboss-logging/3.1.3.GA/jboss-logging-3.1.3.GA.jar, file:/D:/java/repo/org/springframework/spring-context/4.1.6.RELEASE/spring-context-4.1.6.RELEASE.jar, file:/D:/java/repo/javax/validation/validation-api/1.1.0.Final/validation-api-1.1.0.Final.jar, file:/D:/java/repo/mysql/mysql-connector-java/5.1.35/mysql-connector-java-5.1.35.jar, file:/D:/java/repo/org/apache/tomcat/embed/tomcat-embed-logging-juli/8.0.23/tomcat-embed-logging-juli-8.0.23.jar, file:/D:/java/repo/com/fasterxml/classmate/1.0.0/classmate-1.0.0.jar, file:/D:/java/repo/org/hibernate/hibernate-validator/5.1.3.Final/hibernate-validator-5.1.3.Final.jar, file:/D:/java/repo/org/yaml/snakeyaml/1.14/snakeyaml-1.14.jar, file:/D:/java/repo/com/fasterxml/jackson/core/jackson-annotations/2.4.6/jackson-annotations-2.4.6.jar, file:/D:/java/repo/org/springframework/spring-jdbc/4.1.6.RELEASE/spring-jdbc-4.1.6.RELEASE.jar, file:/D:/java/repo/org/springframework/boot/spring-boot-starter-logging/1.2.4.RELEASE/spring-boot-starter-logging-1.2.4.RELEASE.jar, file:/D:/java/repo/org/springframework/boot/spring-boot-starter-tomcat/1.2.4.RELEASE/spring-boot-starter-tomcat-1.2.4.RELEASE.jar, file:/D:/java/repo/org/springframework/boot/spring-boot-autoconfigure/1.2.4.RELEASE/spring-boot-autoconfigure-1.2.4.RELEASE.jar, file:/D:/java/repo/org/springframework/spring-jms/4.1.6.RELEASE/spring-jms-4.1.6.RELEASE.jar, file:/D:/java/repo/org/springframework/boot/spring-boot-starter/1.2.4.RELEASE/spring-boot-starter-1.2.4.RELEASE.jar, file:/D:/java/repo/org/springframework/spring-core/4.1.6.RELEASE/spring-core-4.1.6.RELEASE.jar, file:/D:/java/Jdk/jdk1.7.0_79/lib/tools.jar, file:/D:/java/repo/com/fasterxml/jackson/core/jackson-databind/2.4.6/jackson-databind-2.4.6.jar, file:/D:/java/repo/org/mybatis/mybatis/3.2.8/mybatis-3.2.8.jar, file:/D:/java/repo/org/apache/tomcat/embed/tomcat-embed-websocket/8.0.23/tomcat-embed-websocket-8.0.23.jar, file:/D:/java/repo/com/alibaba/fastjson/1.1.43/fastjson-1.1.43.jar, file:/D:/java/repo/org/springframework/spring-webmvc/4.1.6.RELEASE/spring-webmvc-4.1.6.RELEASE.jar, file:/D:/java/repo/org/springframework/spring-messaging/4.1.6.RELEASE/spring-messaging-4.1.6.RELEASE.jar, file:/D:/java/repo/org/springframework/spring-tx/4.1.6.RELEASE/spring-tx-4.1.6.RELEASE.jar, file:/D:/java/repo/org/apache/tomcat/embed/tomcat-embed-core/8.0.23/tomcat-embed-core-8.0.23.jar, file:/D:/java/repo/org/springframework/boot/spring-boot-starter-web/1.2.4.RELEASE/spring-boot-starter-web-1.2.4.RELEASE.jar, file:/D:/java/repo/org/springframework/spring-web/4.1.6.RELEASE/spring-web-4.1.6.RELEASE.jar, file:/D:/java/repo/aopalliance/aopalliance/1.0/aopalliance-1.0.jar, file:/D:/java/repo/org/slf4j/jul-to-slf4j/1.7.12/jul-to-slf4j-1.7.12.jar, file:/D:/java/repo/com/fasterxml/jackson/core/jackson-core/2.4.6/jackson-core-2.4.6.jar, file:/D:/java/repo/org/springframework/boot/spring-boot/1.2.4.RELEASE/spring-boot-1.2.4.RELEASE.jar, file:/D:/java/repo/org/apache/tomcat/tomcat-juli/8.0.23/tomcat-juli-8.0.23.jar, file:/D:/java/repo/org/slf4j/log4j-over-slf4j/1.7.12/log4j-over-slf4j-1.7.12.jar, file:/D:/java/repo/org/apache/tomcat/embed/tomcat-embed-el/8.0.23/tomcat-embed-el-8.0.23.jar, file:/D:/java/repo/org/springframework/springloaded/1.2.3.RELEASE/springloaded-1.2.3.RELEASE.jar]
2016-10-13 17:43:31,697 INFO  org.springframework.boot.autoconfigure.logging.AutoConfigurationReportLoggingInitializer.logAutoConfigurationReport:107 - 

Error starting ApplicationContext. To display the auto-configuration report enable debug logging (start with --debug)


2016-10-13 17:43:31,697 ERROR org.springframework.boot.SpringApplication.run:338 - Application startup failed
org.springframework.beans.factory.BeanCreationException: Error creating bean with name 'smsNoticQueueConsumer': Injection of resource dependencies failed; nested exception is org.springframework.beans.factory.BeanCreationException: Error creating bean with name 'smsNoticQueuePublisher': Injection of resource dependencies failed; nested exception is org.springframework.beans.factory.BeanCreationException: Error creating bean with name 'org.springframework.boot.autoconfigure.jms.JmsAutoConfiguration': Injection of autowired dependencies failed; nested exception is org.springframework.beans.factory.BeanCreationException: Could not autowire field: private javax.jms.ConnectionFactory org.springframework.boot.autoconfigure.jms.JmsAutoConfiguration.connectionFactory; nested exception is org.springframework.beans.factory.BeanCreationException: Error creating bean with name 'jmsConnectionFactory' defined in class path resource [org/springframework/boot/autoconfigure/jms/activemq/ActiveMQConnectionFactoryConfiguration.class]: Bean instantiation via factory method failed; nested exception is org.springframework.beans.BeanInstantiationException: Failed to instantiate [javax.jms.ConnectionFactory]: Factory method 'jmsConnectionFactory' threw exception; nested exception is java.lang.IllegalStateException: Unable to create ActiveMQConnectionFactory
	at org.springframework.context.annotation.CommonAnnotationBeanPostProcessor.postProcessPropertyValues(CommonAnnotationBeanPostProcessor.java:308)
	at org.springframework.beans.factory.support.AbstractAutowireCapableBeanFactory.populateBean(AbstractAutowireCapableBeanFactory.java:1210)
	at org.springframework.beans.factory.support.AbstractAutowireCapableBeanFactory.doCreateBean(AbstractAutowireCapableBeanFactory.java:537)
	at org.springframework.beans.factory.support.AbstractAutowireCapableBeanFactory.createBean(AbstractAutowireCapableBeanFactory.java:476)
	at org.springframework.beans.factory.support.AbstractBeanFactory$1.getObject(AbstractBeanFactory.java:303)
	at org.springframework.beans.factory.support.DefaultSingletonBeanRegistry.getSingleton(DefaultSingletonBeanRegistry.java:230)
	at org.springframework.beans.factory.support.AbstractBeanFactory.doGetBean(AbstractBeanFactory.java:299)
	at org.springframework.beans.factory.support.AbstractBeanFactory.getBean(AbstractBeanFactory.java:194)
	at org.springframework.beans.factory.support.DefaultListableBeanFactory.preInstantiateSingletons(DefaultListableBeanFactory.java:755)
	at org.springframework.context.support.AbstractApplicationContext.finishBeanFactoryInitialization(AbstractApplicationContext.java:757)
	at org.springframework.context.support.AbstractApplicationContext.refresh(AbstractApplicationContext.java:480)
	at org.springframework.boot.context.embedded.EmbeddedWebApplicationContext.refresh(EmbeddedWebApplicationContext.java:118)
	at org.springframework.boot.SpringApplication.refresh(SpringApplication.java:686)
	at org.springframework.boot.SpringApplication.run(SpringApplication.java:320)
	at org.springframework.boot.SpringApplication.run(SpringApplication.java:957)
	at org.springframework.boot.SpringApplication.run(SpringApplication.java:946)
	at com.zhang.springboot.Application.main(Application.java:27)
Caused by: org.springframework.beans.factory.BeanCreationException: Error creating bean with name 'smsNoticQueuePublisher': Injection of resource dependencies failed; nested exception is org.springframework.beans.factory.BeanCreationException: Error creating bean with name 'org.springframework.boot.autoconfigure.jms.JmsAutoConfiguration': Injection of autowired dependencies failed; nested exception is org.springframework.beans.factory.BeanCreationException: Could not autowire field: private javax.jms.ConnectionFactory org.springframework.boot.autoconfigure.jms.JmsAutoConfiguration.connectionFactory; nested exception is org.springframework.beans.factory.BeanCreationException: Error creating bean with name 'jmsConnectionFactory' defined in class path resource [org/springframework/boot/autoconfigure/jms/activemq/ActiveMQConnectionFactoryConfiguration.class]: Bean instantiation via factory method failed; nested exception is org.springframework.beans.BeanInstantiationException: Failed to instantiate [javax.jms.ConnectionFactory]: Factory method 'jmsConnectionFactory' threw exception; nested exception is java.lang.IllegalStateException: Unable to create ActiveMQConnectionFactory
	at org.springframework.context.annotation.CommonAnnotationBeanPostProcessor.postProcessPropertyValues(CommonAnnotationBeanPostProcessor.java:308)
	at org.springframework.beans.factory.support.AbstractAutowireCapableBeanFactory.populateBean(AbstractAutowireCapableBeanFactory.java:1210)
	at org.springframework.beans.factory.support.AbstractAutowireCapableBeanFactory.doCreateBean(AbstractAutowireCapableBeanFactory.java:537)
	at org.springframework.beans.factory.support.AbstractAutowireCapableBeanFactory.createBean(AbstractAutowireCapableBeanFactory.java:476)
	at org.springframework.beans.factory.support.AbstractBeanFactory$1.getObject(AbstractBeanFactory.java:303)
	at org.springframework.beans.factory.support.DefaultSingletonBeanRegistry.getSingleton(DefaultSingletonBeanRegistry.java:230)
	at org.springframework.beans.factory.support.AbstractBeanFactory.doGetBean(AbstractBeanFactory.java:299)
	at org.springframework.beans.factory.support.AbstractBeanFactory.getBean(AbstractBeanFactory.java:199)
	at org.springframework.context.annotation.CommonAnnotationBeanPostProcessor.autowireResource(CommonAnnotationBeanPostProcessor.java:461)
	at org.springframework.context.annotation.CommonAnnotationBeanPostProcessor.getResource(CommonAnnotationBeanPostProcessor.java:435)
	at org.springframework.context.annotation.CommonAnnotationBeanPostProcessor$ResourceElement.getResourceToInject(CommonAnnotationBeanPostProcessor.java:559)
	at org.springframework.beans.factory.annotation.InjectionMetadata$InjectedElement.inject(InjectionMetadata.java:169)
	at org.springframework.beans.factory.annotation.InjectionMetadata.inject(InjectionMetadata.java:88)
	at org.springframework.context.annotation.CommonAnnotationBeanPostProcessor.postProcessPropertyValues(CommonAnnotationBeanPostProcessor.java:305)
	... 16 more
Caused by: org.springframework.beans.factory.BeanCreationException: Error creating bean with name 'org.springframework.boot.autoconfigure.jms.JmsAutoConfiguration': Injection of autowired dependencies failed; nested exception is org.springframework.beans.factory.BeanCreationException: Could not autowire field: private javax.jms.ConnectionFactory org.springframework.boot.autoconfigure.jms.JmsAutoConfiguration.connectionFactory; nested exception is org.springframework.beans.factory.BeanCreationException: Error creating bean with name 'jmsConnectionFactory' defined in class path resource [org/springframework/boot/autoconfigure/jms/activemq/ActiveMQConnectionFactoryConfiguration.class]: Bean instantiation via factory method failed; nested exception is org.springframework.beans.BeanInstantiationException: Failed to instantiate [javax.jms.ConnectionFactory]: Factory method 'jmsConnectionFactory' threw exception; nested exception is java.lang.IllegalStateException: Unable to create ActiveMQConnectionFactory
	at org.springframework.beans.factory.annotation.AutowiredAnnotationBeanPostProcessor.postProcessPropertyValues(AutowiredAnnotationBeanPostProcessor.java:334)
	at org.springframework.beans.factory.support.AbstractAutowireCapableBeanFactory.populateBean(AbstractAutowireCapableBeanFactory.java:1210)
	at org.springframework.beans.factory.support.AbstractAutowireCapableBeanFactory.doCreateBean(AbstractAutowireCapableBeanFactory.java:537)
	at org.springframework.beans.factory.support.AbstractAutowireCapableBeanFactory.createBean(AbstractAutowireCapableBeanFactory.java:476)
	at org.springframework.beans.factory.support.AbstractBeanFactory$1.getObject(AbstractBeanFactory.java:303)
	at org.springframework.beans.factory.support.DefaultSingletonBeanRegistry.getSingleton(DefaultSingletonBeanRegistry.java:230)
	at org.springframework.beans.factory.support.AbstractBeanFactory.doGetBean(AbstractBeanFactory.java:299)
	at org.springframework.beans.factory.support.AbstractBeanFactory.getBean(AbstractBeanFactory.java:194)
	at org.springframework.beans.factory.support.ConstructorResolver.instantiateUsingFactoryMethod(ConstructorResolver.java:368)
	at org.springframework.beans.factory.support.AbstractAutowireCapableBeanFactory.instantiateUsingFactoryMethod(AbstractAutowireCapableBeanFactory.java:1119)
	at org.springframework.beans.factory.support.AbstractAutowireCapableBeanFactory.createBeanInstance(AbstractAutowireCapableBeanFactory.java:1014)
	at org.springframework.beans.factory.support.AbstractAutowireCapableBeanFactory.doCreateBean(AbstractAutowireCapableBeanFactory.java:504)
	at org.springframework.beans.factory.support.AbstractAutowireCapableBeanFactory.createBean(AbstractAutowireCapableBeanFactory.java:476)
	at org.springframework.beans.factory.support.AbstractBeanFactory$1.getObject(AbstractBeanFactory.java:303)
	at org.springframework.beans.factory.support.DefaultSingletonBeanRegistry.getSingleton(DefaultSingletonBeanRegistry.java:230)
	at org.springframework.beans.factory.support.AbstractBeanFactory.doGetBean(AbstractBeanFactory.java:299)
	at org.springframework.beans.factory.support.AbstractBeanFactory.getBean(AbstractBeanFactory.java:199)
	at org.springframework.context.annotation.CommonAnnotationBeanPostProcessor.autowireResource(CommonAnnotationBeanPostProcessor.java:461)
	at org.springframework.context.annotation.CommonAnnotationBeanPostProcessor.getResource(CommonAnnotationBeanPostProcessor.java:435)
	at org.springframework.context.annotation.CommonAnnotationBeanPostProcessor$ResourceElement.getResourceToInject(CommonAnnotationBeanPostProcessor.java:559)
	at org.springframework.beans.factory.annotation.InjectionMetadata$InjectedElement.inject(InjectionMetadata.java:169)
	at org.springframework.beans.factory.annotation.InjectionMetadata.inject(InjectionMetadata.java:88)
	at org.springframework.context.annotation.CommonAnnotationBeanPostProcessor.postProcessPropertyValues(CommonAnnotationBeanPostProcessor.java:305)
	... 29 more
Caused by: org.springframework.beans.factory.BeanCreationException: Could not autowire field: private javax.jms.ConnectionFactory org.springframework.boot.autoconfigure.jms.JmsAutoConfiguration.connectionFactory; nested exception is org.springframework.beans.factory.BeanCreationException: Error creating bean with name 'jmsConnectionFactory' defined in class path resource [org/springframework/boot/autoconfigure/jms/activemq/ActiveMQConnectionFactoryConfiguration.class]: Bean instantiation via factory method failed; nested exception is org.springframework.beans.BeanInstantiationException: Failed to instantiate [javax.jms.ConnectionFactory]: Factory method 'jmsConnectionFactory' threw exception; nested exception is java.lang.IllegalStateException: Unable to create ActiveMQConnectionFactory
	at org.springframework.beans.factory.annotation.AutowiredAnnotationBeanPostProcessor$AutowiredFieldElement.inject(AutowiredAnnotationBeanPostProcessor.java:561)
	at org.springframework.beans.factory.annotation.InjectionMetadata.inject(InjectionMetadata.java:88)
	at org.springframework.beans.factory.annotation.AutowiredAnnotationBeanPostProcessor.postProcessPropertyValues(AutowiredAnnotationBeanPostProcessor.java:331)
	... 51 more
Caused by: org.springframework.beans.factory.BeanCreationException: Error creating bean with name 'jmsConnectionFactory' defined in class path resource [org/springframework/boot/autoconfigure/jms/activemq/ActiveMQConnectionFactoryConfiguration.class]: Bean instantiation via factory method failed; nested exception is org.springframework.beans.BeanInstantiationException: Failed to instantiate [javax.jms.ConnectionFactory]: Factory method 'jmsConnectionFactory' threw exception; nested exception is java.lang.IllegalStateException: Unable to create ActiveMQConnectionFactory
	at org.springframework.beans.factory.support.ConstructorResolver.instantiateUsingFactoryMethod(ConstructorResolver.java:599)
	at org.springframework.beans.factory.support.AbstractAutowireCapableBeanFactory.instantiateUsingFactoryMethod(AbstractAutowireCapableBeanFactory.java:1119)
	at org.springframework.beans.factory.support.AbstractAutowireCapableBeanFactory.createBeanInstance(AbstractAutowireCapableBeanFactory.java:1014)
	at org.springframework.beans.factory.support.AbstractAutowireCapableBeanFactory.doCreateBean(AbstractAutowireCapableBeanFactory.java:504)
	at org.springframework.beans.factory.support.AbstractAutowireCapableBeanFactory.createBean(AbstractAutowireCapableBeanFactory.java:476)
	at org.springframework.beans.factory.support.AbstractBeanFactory$1.getObject(AbstractBeanFactory.java:303)
	at org.springframework.beans.factory.support.DefaultSingletonBeanRegistry.getSingleton(DefaultSingletonBeanRegistry.java:230)
	at org.springframework.beans.factory.support.AbstractBeanFactory.doGetBean(AbstractBeanFactory.java:299)
	at org.springframework.beans.factory.support.AbstractBeanFactory.getBean(AbstractBeanFactory.java:194)
	at org.springframework.beans.factory.support.DefaultListableBeanFactory.findAutowireCandidates(DefaultListableBeanFactory.java:1120)
	at org.springframework.beans.factory.support.DefaultListableBeanFactory.doResolveDependency(DefaultListableBeanFactory.java:1044)
	at org.springframework.beans.factory.support.DefaultListableBeanFactory.resolveDependency(DefaultListableBeanFactory.java:942)
	at org.springframework.beans.factory.annotation.AutowiredAnnotationBeanPostProcessor$AutowiredFieldElement.inject(AutowiredAnnotationBeanPostProcessor.java:533)
	... 53 more
Caused by: org.springframework.beans.BeanInstantiationException: Failed to instantiate [javax.jms.ConnectionFactory]: Factory method 'jmsConnectionFactory' threw exception; nested exception is java.lang.IllegalStateException: Unable to create ActiveMQConnectionFactory
	at org.springframework.beans.factory.support.SimpleInstantiationStrategy.instantiate(SimpleInstantiationStrategy.java:189)
	at org.springframework.beans.factory.support.ConstructorResolver.instantiateUsingFactoryMethod(ConstructorResolver.java:588)
	... 65 more
Caused by: java.lang.IllegalStateException: Unable to create ActiveMQConnectionFactory
	at org.springframework.boot.autoconfigure.jms.activemq.ActiveMQConnectionFactoryFactory.createConnectionFactory(ActiveMQConnectionFactoryFactory.java:49)
	at org.springframework.boot.autoconfigure.jms.activemq.ActiveMQConnectionFactoryConfiguration.jmsConnectionFactory(ActiveMQConnectionFactoryConfiguration.java:46)
	at org.springframework.boot.autoconfigure.jms.activemq.ActiveMQConnectionFactoryConfiguration$$EnhancerBySpringCGLIB$$ebe02b3e.CGLIB$jmsConnectionFactory$0(<generated>)
	at org.springframework.boot.autoconfigure.jms.activemq.ActiveMQConnectionFactoryConfiguration$$EnhancerBySpringCGLIB$$ebe02b3e$$FastClassBySpringCGLIB$$836d7bf5.invoke(<generated>)
	at org.springframework.cglib.proxy.MethodProxy.invokeSuper(MethodProxy.java:228)
	at org.springframework.context.annotation.ConfigurationClassEnhancer$BeanMethodInterceptor.intercept(ConfigurationClassEnhancer.java:309)
	at org.springframework.boot.autoconfigure.jms.activemq.ActiveMQConnectionFactoryConfiguration$$EnhancerBySpringCGLIB$$ebe02b3e.jmsConnectionFactory(<generated>)
	at sun.reflect.NativeMethodAccessorImpl.invoke0(Native Method)
	at sun.reflect.NativeMethodAccessorImpl.invoke(NativeMethodAccessorImpl.java:57)
	at sun.reflect.DelegatingMethodAccessorImpl.invoke(DelegatingMethodAccessorImpl.java:43)
	at java.lang.reflect.Method.invoke(Method.java:606)
	at org.springsource.loaded.ri.ReflectiveInterceptor.jlrMethodInvoke(ReflectiveInterceptor.java:1270)
	at org.springframework.beans.factory.support.SimpleInstantiationStrategy.instantiate(SimpleInstantiationStrategy.java:162)
	... 66 more
Caused by: java.lang.reflect.InvocationTargetException
	at sun.reflect.NativeConstructorAccessorImpl.newInstance0(Native Method)
	at sun.reflect.NativeConstructorAccessorImpl.newInstance(NativeConstructorAccessorImpl.java:57)
	at sun.reflect.DelegatingConstructorAccessorImpl.newInstance(DelegatingConstructorAccessorImpl.java:45)
	at java.lang.reflect.Constructor.newInstance(Constructor.java:526)
	at org.springsource.loaded.ri.ReflectiveInterceptor.jlrConstructorNewInstance(ReflectiveInterceptor.java:1002)
	at org.springframework.boot.autoconfigure.jms.activemq.ActiveMQConnectionFactoryFactory.doCreateConnectionFactory(ActiveMQConnectionFactoryFactory.java:63)
	at org.springframework.boot.autoconfigure.jms.activemq.ActiveMQConnectionFactoryFactory.createConnectionFactory(ActiveMQConnectionFactoryFactory.java:46)
	... 78 more
Caused by: java.lang.IllegalArgumentException: Invalid broker URI: tcp://localhost:61616 # connection URL
	at org.apache.activemq.ActiveMQConnectionFactory.createURI(ActiveMQConnectionFactory.java:177)
	at org.apache.activemq.ActiveMQConnectionFactory.<init>(ActiveMQConnectionFactory.java:138)
	... 85 more
Caused by: java.net.URISyntaxException: Illegal character in authority at index 6: tcp://localhost:61616 # connection URL
	at java.net.URI$Parser.fail(URI.java:2829)
	at java.net.URI$Parser.parseAuthority(URI.java:3167)
	at java.net.URI$Parser.parseHierarchical(URI.java:3078)
	at java.net.URI$Parser.parse(URI.java:3034)
	at java.net.URI.<init>(URI.java:595)
	at org.apache.activemq.ActiveMQConnectionFactory.createURI(ActiveMQConnectionFactory.java:175)
	... 86 more
